<?xml version="1.0" encoding="utf-8"?><testsuites name="pytest tests"><testsuite name="pytest" errors="0" failures="0" skipped="0" tests="8" time="64.951" timestamp="2026-08-22T16:58:32.307244+00:00" hostname="agent-env-56279b1d-e934-49f4-879f-711b1bba4f93"><testcase classname="tests.test_statements" name="test_list_statements_empty_or_prior" time="0.593" /><testcase classname="tests.test_statements" name="test_upload_requires_auth" time="0.238" /><testcase classname="tests.test_statements" name="test_unsupported_extension_rejected" time="0.050" /><testcase classname="tests.test_statements" name="test_csv_analysis" time="15.152" /><testcase classname="tests.test_statements" name="test_csv_appears_in_list" time="0.058" /><testcase classname="tests.test_statements" name="test_xlsx_upload_analysis" time="14.503" /><testcase classname="tests.test_statements" name="test_pdf_upload_analysis" time="18.900" /><testcase classname="tests.test_statements" name="test_delete_statement" time="14.742" /></testsuite></testsuites>