<?xml version="1.0" encoding="utf-8"?><testsuites name="pytest tests"><testsuite name="pytest" errors="0" failures="0" skipped="0" tests="22" time="6.010" timestamp="2026-08-22T15:57:37.014857+00:00" hostname="agent-env-56279b1d-e934-49f4-879f-711b1bba4f93"><testcase classname="tests.backend_test" name="test_login_ok" time="0.500" /><testcase classname="tests.backend_test" name="test_login_bad" time="0.384" /><testcase classname="tests.backend_test" name="test_me_unauth" time="0.107" /><testcase classname="tests.backend_test" name="test_me_auth" time="0.493" /><testcase classname="tests.backend_test" name="test_customer_list_and_search" time="0.201" /><testcase classname="tests.backend_test" name="test_customer_update" time="0.068" /><testcase classname="tests.backend_test" name="test_service_crud" time="0.328" /><testcase classname="tests.backend_test" name="test_quotation_list_and_get" time="0.646" /><testcase classname="tests.backend_test" name="test_quotation_pdf" time="0.078" /><testcase classname="tests.backend_test" name="test_convert_twice_blocked" time="0.185" /><testcase classname="tests.backend_test" name="test_direct_invoice_create" time="0.142" /><testcase classname="tests.backend_test" name="test_invoice_pdf" time="0.076" /><testcase classname="tests.backend_test" name="test_payments_flow" time="0.290" /><testcase classname="tests.backend_test" name="test_credit_purchases_multiple" time="0.451" /><testcase classname="tests.backend_test" name="test_dashboard" time="0.071" /><testcase classname="tests.backend_test" name="test_reports" time="0.483" /><testcase classname="tests.backend_test" name="test_quotation_filters" time="0.070" /><testcase classname="tests.backend_test" name="test_invoice_filters" time="0.068" /><testcase classname="tests.backend_test" name="test_delete_quotation_and_invoice" time="0.272" /><testcase classname="tests.backend_test" name="test_overdue_invoice_status_persist" time="0.531" /><testcase classname="tests.backend_test" name="test_duplicate_invoice" time="0.328" /><testcase classname="tests.backend_test" name="test_dashboard_trend" time="0.135" /></testsuite></testsuites>